20240309	22:51:20	350f4402-c902-4e51-bae1-2b1b0e86289f	GET	/	undefined
20240309	22:51:22	94240f69-3afc-4c39-b732-b1fa0fc8bc85	GET	/favicon.ico	undefined
20240309	23:23:50	119ddc64-7c0a-4ad0-bc3e-2291780461e1	POST	/order/create	undefined
20240309	23:24:31	e4398b83-5dbc-4e8b-ad50-f24f46bc0cf2	POST	/order/create	undefined
20240309	23:25:05	0dc852cb-390e-42d7-b1f4-f66591ebec7c	POST	/order/create	undefined
20240309	23:25:35	fc0e339e-06fd-4075-abd1-459c9ccab556	POST	/order/create	undefined
20240310	01:13:50	d24699ba-7a31-4cc3-82c8-efba613d7521	GET	/order/	undefined
20240310	01:42:06	be02369c-92bc-47d3-ab67-fbb73199ece6	GET	/order/	undefined
20240310	02:06:50	ed9b6e2f-25c7-4cb9-918d-ceefe4d82933	GET	/order/	undefined
20240310	09:43:58	f4690707-aa3f-4d8d-b034-ab71b23ae390	POST	/order/create	undefined
20240310	09:46:25	9f965618-9815-4e42-ba77-e1129bddce9c	POST	/order/create	undefined
20240310	09:47:03	8ff66278-2cb0-4f0e-89ec-1a460d1b6119	GET	/order/	undefined
20240310	10:05:24	68306d76-ab55-49ce-98a4-f864e0b138f1	GET	/order/	undefined
20240310	19:24:56	74af8489-3ebe-4cb7-8b31-3c0fdcca8383	POST	/signup	undefined
20240310	19:25:54	cd800055-d401-4b10-8afa-a9d73efd09de	POST	/user/signup	undefined
20240310	19:26:05	3bf281d8-30ba-4b38-82fa-7116f89b886f	GET	/user/	undefined
20240310	19:26:24	3c1136fc-0176-4207-bf05-9ce45e456e9b	GET	/user/	undefined
20240310	19:26:46	b8bea28a-3abf-40fb-9d69-13d4a4df3800	GET	/user/signup	undefined
20240310	19:26:56	5479acc6-e133-4567-aa0b-d7e2e5aa89a7	POST	/user/signup	undefined
20240310	19:27:03	accf6e8a-8481-4116-9935-c1b1e5ea8f76	POST	/user/signup	undefined
20240310	19:29:02	a2aedd0f-da64-465d-8c85-f21c2d113dc6	POST	/user/signup	undefined
20240310	19:29:23	246e7ed0-c554-4d5e-a502-82e9df1d2374	POST	/user/signup	undefined
20240310	19:30:00	f313b9f2-8388-4da0-b1a3-bf62caa76762	POST	/user/signin	undefined
